\BOOKMARK [1][-]{section.1}{\376\377\000I\000n\000t\000r\000o\000d\000u\000c\000c\000i\000\363\000n}{}% 1
\BOOKMARK [2][-]{subsection.1.1}{\376\377\000A\000t\000r\000a\000c\000t\000o\000r\000e\000s}{section.1}% 2
\BOOKMARK [2][-]{subsection.1.2}{\376\377\000E\000x\000p\000r\000e\000s\000i\000o\000n\000e\000s\000\040\000r\000e\000g\000u\000l\000a\000r\000e\000s}{section.1}% 3
\BOOKMARK [2][-]{subsection.1.3}{\376\377\000E\000n\000t\000r\000o\000p\000i\000a\000\040\000d\000e\000\040\000S\000h\000a\000n\000n\000o\000n}{section.1}% 4
\BOOKMARK [1][-]{section.2}{\376\377\000E\000x\000p\000r\000e\000s\000i\000o\000n\000e\000s\000\040\000R\000e\000g\000u\000l\000a\000r\000e\000s}{}% 5
\BOOKMARK [2][-]{subsection.2.1}{\376\377\000R\000e\000g\000l\000a\000\040\0002\0002}{section.2}% 6
\BOOKMARK [3][-]{subsubsection.2.1.1}{\376\377\000P\000r\000o\000b\000a\000b\000i\000l\000i\000d\000a\000d\000\040\000d\000e\000l\000\040\0005\0000\000\045\000\040\000d\000e\000\040\000u\000n\000o\000s}{subsection.2.1}% 7
\BOOKMARK [3][-]{subsubsection.2.1.2}{\376\377\000P\000r\000o\000b\000a\000b\000i\000l\000i\000d\000a\000d\000\040\000d\000e\000l\000\040\0009\0005\000\045\000\040\000d\000e\000\040\000u\000n\000o\000s}{subsection.2.1}% 8
\BOOKMARK [3][-]{subsubsection.2.1.3}{\376\377\000G\000e\000n\000e\000r\000a\000c\000i\000\363\000n\000\040\000d\000e\000\040\000c\000o\000n\000d\000i\000c\000i\000\363\000n\000\040\000i\000n\000i\000c\000i\000a\000l\000\040\000c\000o\000m\000p\000l\000e\000t\000a\000m\000e\000n\000t\000e\000\040\000a\000l\000e\000a\000t\000o\000r\000i\000a}{subsection.2.1}% 9
\BOOKMARK [2][-]{subsection.2.2}{\376\377\000R\000e\000g\000l\000a\000\040\0005\0004}{section.2}% 10
\BOOKMARK [3][-]{subsubsection.2.2.1}{\376\377\000P\000r\000o\000b\000a\000b\000i\000l\000i\000d\000a\000d\000\040\000d\000e\000l\000\040\0005\0000\000\045\000\040\000d\000e\000\040\000u\000n\000o\000s}{subsection.2.2}% 11
\BOOKMARK [3][-]{subsubsection.2.2.2}{\376\377\000P\000r\000o\000b\000a\000b\000i\000l\000i\000d\000a\000d\000\040\000d\000e\000l\000\040\0009\0005\000\045\000\040\000d\000e\000\040\000u\000n\000o\000s}{subsection.2.2}% 12
\BOOKMARK [3][-]{subsubsection.2.2.3}{\376\377\000G\000e\000n\000e\000r\000a\000c\000i\000\363\000n\000\040\000d\000e\000\040\000c\000o\000n\000d\000i\000c\000i\000\363\000n\000\040\000i\000n\000i\000c\000i\000a\000l\000\040\000c\000o\000m\000p\000l\000e\000t\000a\000m\000e\000n\000t\000e\000\040\000a\000l\000e\000a\000t\000o\000r\000i\000a}{subsection.2.2}% 13
\BOOKMARK [1][-]{section.3}{\376\377\000A\000t\000r\000a\000c\000t\000o\000r\000e\000s}{}% 14
\BOOKMARK [2][-]{subsection.3.1}{\376\377\000F\000r\000o\000n\000t\000e\000r\000a\000\040\000a\000b\000i\000e\000r\000t\000a}{section.3}% 15
\BOOKMARK [2][-]{subsection.3.2}{\376\377\000F\000r\000o\000n\000t\000e\000r\000a\000\040\000r\000e\000f\000l\000e\000c\000t\000o\000r\000a}{section.3}% 16
\BOOKMARK [1][-]{section.4}{\376\377\000P\000r\000o\000g\000r\000a\000m\000a}{}% 17
\BOOKMARK [2][-]{subsection.4.1}{\376\377\000D\000e\000s\000c\000r\000i\000p\000c\000i\000\363\000n}{section.4}% 18
\BOOKMARK [2][-]{subsection.4.2}{\376\377\000P\000r\000u\000e\000b\000a\000s}{section.4}% 19
\BOOKMARK [2][-]{subsection.4.3}{\376\377\000A\000\361\000a\000d\000i\000d\000o\000s}{section.4}% 20
\BOOKMARK [2][-]{subsection.4.4}{\376\377\000C\000\363\000d\000i\000g\000o}{section.4}% 21
\BOOKMARK [1][-]{section.5}{\376\377\000C\000o\000n\000c\000l\000u\000s\000i\000o\000n\000e\000s}{}% 22
\BOOKMARK [1][-]{section*.56}{\376\377\000R\000e\000f\000e\000r\000e\000n\000c\000i\000a\000s}{}% 23
